<?xml version="1.0" encoding="UTF-8"?>
<!-- Generated by org.testng.reporters.JUnitReportReporter -->
<testsuite skipped="0" hostname="DESKTOP-7Q2H3O0" name="com.ip.qa.testcases.LoginPageTest" tests="1" failures="0" timestamp="2020-01-02T14:07:34 PST" time="29.501" errors="0">
  <testcase name="test" time="29.501" classname="com.ip.qa.testcases.LoginPageTest"/>
  <system-out/>
</testsuite> <!-- com.ip.qa.testcases.LoginPageTest -->
